c:\users\云微\desktop\graphics\graphics\samples\visual-studio-c\visual-studio-c\debug\vc141.pdb
c:\users\云微\desktop\graphics\graphics\samples\visual-studio-c\visual-studio-c\debug\vc141.idb
c:\users\云微\desktop\graphics\graphics\samples\visual-studio-c\visual-studio-c\debug\main.obj
c:\users\云微\desktop\graphics\graphics\samples\visual-studio-c\visual-studio-c\debug\engine.obj
c:\users\云微\desktop\graphics\graphics\samples\visual-studio-c\visual-studio-c\debug\doublelist.obj
c:\users\云微\desktop\graphics\graphics\samples\visual-studio-c\visual-studio-c\debug\graphics.obj
c:\users\云微\desktop\graphics\graphics\samples\visual-studio-c\visual-studio-c\debug\main2.obj
c:\users\云微\desktop\graphics\graphics\samples\visual-studio-c\visual-studio-c\debug\random.obj
c:\users\云微\desktop\graphics\graphics\samples\visual-studio-c\visual-studio-c\debug\signal.obj
c:\users\云微\desktop\graphics\graphics\samples\visual-studio-c\visual-studio-c\debug\democad.obj
c:\users\云微\desktop\graphics\graphics\samples\visual-studio-c\visual-studio-c\debug\menu.obj
c:\users\云微\desktop\graphics\graphics\samples\visual-studio-c\visual-studio-c\debug\image.obj
c:\users\云微\desktop\graphics\graphics\samples\visual-studio-c\debug\visual-studio-c.exe
c:\users\云微\desktop\graphics\graphics\samples\visual-studio-c\debug\visual-studio-c.ilk
c:\users\云微\desktop\graphics\graphics\samples\visual-studio-c\debug\visual-studio-c.pdb
c:\users\云微\desktop\graphics\graphics\samples\visual-studio-c\visual-studio-c\debug\main1.obj
c:\users\云微\desktop\graphics\graphics\samples\visual-studio-c\visual-studio-c\debug\democad.obj.enc
c:\users\云微\desktop\graphics\graphics\samples\visual-studio-c\visual-studio-c\debug\engine.obj.enc
c:\users\云微\desktop\graphics\graphics\samples\visual-studio-c\visual-studio-c\debug\image.obj.enc
c:\users\云微\desktop\graphics\graphics\samples\visual-studio-c\visual-studio-c\debug\main2.obj.enc
c:\users\云微\desktop\graphics\graphics\samples\visual-studio-c\visual-studio-c\debug\visual-studio-c.tlog\cl.command.1.tlog
c:\users\云微\desktop\graphics\graphics\samples\visual-studio-c\visual-studio-c\debug\visual-studio-c.tlog\cl.read.1.tlog
c:\users\云微\desktop\graphics\graphics\samples\visual-studio-c\visual-studio-c\debug\visual-studio-c.tlog\cl.write.1.tlog
c:\users\云微\desktop\graphics\graphics\samples\visual-studio-c\visual-studio-c\debug\visual-studio-c.tlog\link.command.1.tlog
c:\users\云微\desktop\graphics\graphics\samples\visual-studio-c\visual-studio-c\debug\visual-studio-c.tlog\link.read.1.tlog
c:\users\云微\desktop\graphics\graphics\samples\visual-studio-c\visual-studio-c\debug\visual-studio-c.tlog\link.write.1.tlog
